Server is started on 5000 port at 22.04.2023, 17:20:40
Server is started on 5000 port at 22.04.2023, 17:21:26
Server is started on 5000 port at 22.04.2023, 17:23:17
Server is started on 5000 port at 22.04.2023, 17:23:27
Server is started on 5000 port at 22.04.2023, 17:24:00
Server is started on 5000 port at 22.04.2023, 17:24:24
Server is started on 5000 port at 22.04.2023, 17:25:15
Server is started on 5000 port at 22.04.2023, 17:26:39
Server is started on 5000 port at 22.04.2023, 17:27:12
Server is started on 5000 port at 22.04.2023, 17:27:17
Server is started on 5000 port at 22.04.2023, 17:28:11
17:28:21 GET /info Mozilla/5.0 (iPhone; CPU iPhone OS 13_2_3 like Mac OS X) AppleWebKit/605.1.15 (KHTML, like Gecko) Version/13.0.3 Mobile/15E148 Safari/604.1
17:28:21 GET /messages Mozilla/5.0 (iPhone; CPU iPhone OS 13_2_3 like Mac OS X) AppleWebKit/605.1.15 (KHTML, like Gecko) Version/13.0.3 Mobile/15E148 Safari/604.1
Server is started on 5000 port at 22.04.2023, 17:28:49
17:28:56 GET /info
17:28:56 GET /messages
Server is started on 5000 port at 22.04.2023, 17:30:00
17:30:5 GET /info [object Object]
17:30:5 GET /messages [object Object]
Server is started on 5000 port at 22.04.2023, 17:30:38
Server is started on 5000 port at 22.04.2023, 17:31:09
Server is started on 5000 port at 22.04.2023, 17:34:52
Server is started on 5000 port at 22.04.2023, 17:35:50
17:38:12 GET /info
17:38:13 GET /messages
17:38:23 POST /message
17:38:23 GET /messages
Server is started on 5000 port at 22.04.2023, 17:39:32
17:39:36 POST /message
17:39:36 GET /messages
Server is started on 5000 port at 22.04.2023, 17:42:10
Server is started on 5000 port at 22.04.2023, 17:43:49
Server is started on 5000 port at 22.04.2023, 17:44:11
Server is started on 5000 port at 22.04.2023, 17:44:52
Server is started on 5000 port at 22.04.2023, 17:47:22
17:47:32 POST /message
17:47:32 GET /messages
Server is started on 5000 port at 22.04.2023, 17:48:00
17:48:5 POST /message
17:48:5 GET /messages
17:48:7 POST /message
17:48:7 GET /messages
Server is started on 5000 port at 22.04.2023, 17:48:48
Server is started on 5000 port at 22.04.2023, 17:49:16
Server is started on 5000 port at 22.04.2023, 17:49:58
17:50:4 GET /info
17:50:4 GET /messages
17:50:11 GET /info
17:50:11 GET /messages
17:50:19 POST /message
17:50:19 GET /messages
17:50:29 POST /message
17:50:29 GET /messages
17:50:41 DELETE /message/556577b3-ad33-4177-877c-2a6f647b1803
17:50:41 GET /messages
17:50:47 GET /message/3065deb1-f177-47c6-9bcf-7830b40424ba
Server is started on 5000 port at 22.04.2023, 17:54:19
17:56:43 GET /info
17:56:43 GET /messages
17:56:59 GET /info
17:56:59 GET /messages
17:57:5 GET /info
17:57:5 GET /messages
17:57:26 GET /info
17:57:26 GET /messages
17:57:45 POST /message
17:57:45 GET /messages
17:57:47 GET /message/6123d206-bb2c-4cf2-94d9-3f6f3720e3b4
17:57:51 PUT /message/6123d206-bb2c-4cf2-94d9-3f6f3720e3b4
17:57:51 GET /messages
